10:29:57.715 TRACE com.Kinghao.controller.UserController 75 login - login was request
10:29:58.195 TRACE com.Kinghao.service.UserService 70 login - xihongshi login success: Login successfully
10:30:04.099 TRACE com.Kinghao.controller.ReadController 40 addRecord - open book was requested
16:17:38.716 TRACE com.Kinghao.controller.UserController 75 login - login was request
16:17:38.818 TRACE com.Kinghao.service.UserService 70 login - xihongshi login success: Login successfully
16:17:47.730 TRACE com.Kinghao.controller.ReadController 40 addRecord - open book was requested
16:17:54.483 TRACE com.Kinghao.controller.UserController 75 login - login was request
16:17:54.538 TRACE com.Kinghao.service.UserService 70 login - xihongshi3 login success: Login successfully
16:18:03.942 TRACE com.Kinghao.controller.ReadController 40 addRecord - open book was requested
16:22:08.003 TRACE com.Kinghao.controller.UserController 75 login - login was request
16:22:08.065 TRACE com.Kinghao.service.UserService 70 login - 010 login success: Login successfully
16:22:46.915 TRACE com.Kinghao.controller.ReadController 40 addRecord - open book was requested
16:23:00.340 TRACE com.Kinghao.service.HotspotService 27 addRecord - 010 clicked p1_nextButton
16:23:00.826 TRACE com.Kinghao.service.HotspotService 27 addRecord - 010 clicked p1_nextButton
16:23:01.659 TRACE com.Kinghao.service.HotspotService 27 addRecord - 010 clicked p1_nextButton
16:23:01.684 TRACE com.Kinghao.service.HotspotService 27 addRecord - 010 clicked p1_nextButton
16:23:01.716 TRACE com.Kinghao.service.HotspotService 27 addRecord - 010 clicked p1_nextButton
16:23:01.948 TRACE com.Kinghao.service.HotspotService 27 addRecord - 010 clicked p1_nextButton
16:23:02.270 TRACE com.Kinghao.service.HotspotService 27 addRecord - 010 clicked p1_nextButton
16:26:32.242 TRACE com.Kinghao.controller.UserController 75 login - login was request
16:26:32.303 TRACE com.Kinghao.service.UserService 70 login - xihongshi login success: Login successfully
16:26:52.615 TRACE com.Kinghao.controller.UserController 75 login - login was request
16:26:52.676 TRACE com.Kinghao.service.UserService 70 login - xihongshi login success: Login successfully
16:27:31.252 TRACE com.Kinghao.controller.ReadController 40 addRecord - open book was requested
16:27:36.357 TRACE com.Kinghao.controller.UserController 75 login - login was request
16:27:36.416 TRACE com.Kinghao.service.UserService 67 login - admin login failed: Wrong username or password.
16:27:41.282 TRACE com.Kinghao.controller.UserController 75 login - login was request
16:27:41.347 TRACE com.Kinghao.service.UserService 67 login - admin login failed: Wrong username or password.
16:27:41.407 TRACE com.Kinghao.controller.UserController 75 login - login was request
16:27:41.469 TRACE com.Kinghao.service.UserService 67 login - admin login failed: Wrong username or password.
16:27:46.385 TRACE com.Kinghao.controller.UserController 75 login - login was request
16:27:46.441 TRACE com.Kinghao.service.UserService 67 login - admin login failed: Wrong username or password.
16:28:11.189 TRACE com.Kinghao.service.HotspotService 27 addRecord - xihongshi clicked p1_nextButton
16:28:17.128 TRACE com.Kinghao.service.HotspotService 27 addRecord - xihongshi clicked p1_nextButton
16:28:23.086 TRACE com.Kinghao.service.HotspotService 27 addRecord - xihongshi clicked p2_nextButton
16:28:25.059 TRACE com.Kinghao.service.HotspotService 27 addRecord - xihongshi clicked p3_see
16:28:26.640 TRACE com.Kinghao.service.HotspotService 27 addRecord - xihongshi clicked p3_nextButton
16:28:34.302 TRACE com.Kinghao.service.HotspotService 27 addRecord - xihongshi clicked q2_nextButton
16:29:07.270 TRACE com.Kinghao.service.HotspotService 27 addRecord - xihongshi clicked p4_nextButton
16:29:08.638 TRACE com.Kinghao.service.HotspotService 27 addRecord - xihongshi clicked q3_nextButton
16:29:20.621 TRACE com.Kinghao.service.HotspotService 27 addRecord - xihongshi clicked p5_love
16:29:25.846 TRACE com.Kinghao.service.HotspotService 27 addRecord - xihongshi clicked p5_Bunnies
16:29:37.335 TRACE com.Kinghao.service.HotspotService 27 addRecord - xihongshi clicked p5_popular
16:29:37.526 TRACE com.Kinghao.service.HotspotService 27 addRecord - xihongshi clicked p5_popular
16:29:40.522 TRACE com.Kinghao.service.HotspotService 27 addRecord - xihongshi clicked p5_nextButton
16:29:47.675 TRACE com.Kinghao.service.HotspotService 27 addRecord - xihongshi clicked p6_nextButton
16:30:11.209 TRACE com.Kinghao.controller.UserController 75 login - login was request
16:30:11.270 TRACE com.Kinghao.service.UserService 70 login - xihongshi login success: Login successfully
16:30:11.848 TRACE com.Kinghao.service.HotspotService 27 addRecord - xihongshi clicked p7_nextButton
16:30:23.964 TRACE com.Kinghao.controller.ReadController 40 addRecord - open book was requested
16:30:25.284 TRACE com.Kinghao.service.HotspotService 27 addRecord - xihongshi clicked q6_nextButton
16:30:31.169 TRACE com.Kinghao.service.HotspotService 27 addRecord - xihongshi clicked p8_nextButton
16:30:33.844 TRACE com.Kinghao.service.HotspotService 27 addRecord - xihongshi clicked p8_nextButton
16:30:45.825 TRACE com.Kinghao.service.HotspotService 27 addRecord - xihongshi clicked p9_nextButton
16:31:10.010 TRACE com.Kinghao.service.HotspotService 27 addRecord - xihongshi clicked p6_nextButton
16:31:41.377 TRACE com.Kinghao.controller.UserController 75 login - login was request
16:31:41.440 TRACE com.Kinghao.service.UserService 70 login - xihongshi login success: Login successfully
16:31:49.735 TRACE com.Kinghao.controller.UserController 75 login - login was request
16:31:49.794 TRACE com.Kinghao.service.UserService 70 login - 001 login success: Login successfully
16:31:51.946 TRACE com.Kinghao.controller.ReadController 40 addRecord - open book was requested
16:31:59.328 TRACE com.Kinghao.service.HotspotService 27 addRecord - xihongshi clicked p10_nextButton
16:32:11.208 TRACE com.Kinghao.controller.ReadController 40 addRecord - open book was requested
16:32:41.540 TRACE com.Kinghao.controller.UserController 75 login - login was request
16:32:41.596 TRACE com.Kinghao.service.UserService 70 login - 002 login success: Login successfully
16:32:46.226 TRACE com.Kinghao.controller.ReadController 40 addRecord - open book was requested
16:32:54.034 TRACE com.Kinghao.service.HotspotService 27 addRecord - xihongshi clicked p11_nextButton
16:33:05.286 TRACE com.Kinghao.service.HotspotService 27 addRecord - 002 clicked p1_nextButton
16:33:05.985 TRACE com.Kinghao.service.HotspotService 27 addRecord - 002 clicked p1_nextButton
16:33:07.215 TRACE com.Kinghao.service.HotspotService 27 addRecord - 002 clicked p1_nextButton
16:33:10.466 TRACE com.Kinghao.service.HotspotService 27 addRecord - xihongshi clicked q10_nextButton
16:33:18.501 TRACE com.Kinghao.service.HotspotService 27 addRecord - xihongshi clicked p12_nextButton
16:33:23.486 TRACE com.Kinghao.controller.ReadController 40 addRecord - open book was requested
16:33:30.095 TRACE com.Kinghao.service.HotspotService 27 addRecord - xihongshi clicked p12_nextButton
16:33:30.922 TRACE com.Kinghao.service.HotspotService 27 addRecord - 002 clicked p2_butterfly
16:33:32.061 TRACE com.Kinghao.service.HotspotService 27 addRecord - xihongshi clicked p13_nextButton
16:33:33.450 TRACE com.Kinghao.service.HotspotService 27 addRecord - 002 clicked p2_takes a deep stretch
16:33:34.245 TRACE com.Kinghao.service.HotspotService 27 addRecord - 002 clicked p2_takes a deep stretch
16:33:41.666 TRACE com.Kinghao.service.HotspotService 27 addRecord - xihongshi clicked p14_nextButton
16:33:44.821 TRACE com.Kinghao.service.HotspotService 27 addRecord - xihongshi clicked p15_nextButton
16:33:45.306 TRACE com.Kinghao.service.HotspotService 27 addRecord - 002 clicked p2_nextButton
16:33:50.400 TRACE com.Kinghao.service.HotspotService 27 addRecord - 002 clicked p3_nextButton
16:34:04.096 TRACE com.Kinghao.service.HotspotService 27 addRecord - xihongshi clicked p15_nextButton
16:34:21.068 TRACE com.Kinghao.service.HotspotService 27 addRecord - xihongshi clicked p16_nextButton
16:34:25.407 TRACE com.Kinghao.service.HotspotService 27 addRecord - xihongshi clicked p17_nextButton
16:34:30.311 TRACE com.Kinghao.controller.UserController 75 login - login was request
16:34:30.369 TRACE com.Kinghao.service.UserService 70 login - 003 login success: Login successfully
16:34:37.039 TRACE com.Kinghao.controller.ReadController 40 addRecord - open book was requested
16:35:00.266 TRACE com.Kinghao.service.HotspotService 27 addRecord - 003 clicked p1_nextButton
16:35:00.447 TRACE com.Kinghao.service.HotspotService 27 addRecord - xihongshi clicked p17_nextButton
16:35:01.452 TRACE com.Kinghao.service.HotspotService 27 addRecord - 003 clicked p1_quote_button_flower
16:35:02.138 TRACE com.Kinghao.service.HotspotService 27 addRecord - 003 clicked p1_nextButton
16:35:18.179 TRACE com.Kinghao.service.HotspotService 27 addRecord - xihongshi clicked p18_nextButton
16:35:21.747 TRACE com.Kinghao.service.HotspotService 27 addRecord - xihongshi clicked p15_nextButton
16:35:26.288 TRACE com.Kinghao.controller.UserController 75 login - login was request
16:35:26.347 TRACE com.Kinghao.service.UserService 70 login - 004 login success: Login successfully
16:35:31.896 TRACE com.Kinghao.controller.ReadController 40 addRecord - open book was requested
16:35:47.937 TRACE com.Kinghao.controller.UserController 75 login - login was request
16:35:47.994 TRACE com.Kinghao.service.UserService 70 login - 005 login success: Login successfully
16:35:53.037 TRACE com.Kinghao.controller.ReadController 40 addRecord - open book was requested
16:35:56.566 TRACE com.Kinghao.service.HotspotService 27 addRecord - 005 clicked p1_nextButton
16:35:57.099 TRACE com.Kinghao.service.HotspotService 27 addRecord - 005 clicked p1_nextButton
16:35:59.473 TRACE com.Kinghao.service.HotspotService 27 addRecord - 005 clicked p2_nextButton
16:36:01.871 TRACE com.Kinghao.service.HotspotService 27 addRecord - 005 clicked p3_nextButton
16:36:04.529 TRACE com.Kinghao.controller.ReadController 40 addRecord - open book was requested
16:36:26.546 TRACE com.Kinghao.service.HotspotService 27 addRecord - 005 clicked q2_nextButton
16:36:51.906 TRACE com.Kinghao.controller.UserController 75 login - login was request
16:36:51.966 TRACE com.Kinghao.service.UserService 70 login - 006 login success: Login successfully
16:36:55.495 TRACE com.Kinghao.controller.ReadController 40 addRecord - open book was requested
16:37:00.784 TRACE com.Kinghao.service.HotspotService 27 addRecord - 006 clicked p1_nextButton
16:37:01.251 TRACE com.Kinghao.service.HotspotService 27 addRecord - 006 clicked p1_quote_button_flower
16:37:01.638 TRACE com.Kinghao.service.HotspotService 27 addRecord - 006 clicked p1_quote_button_flower
16:37:02.074 TRACE com.Kinghao.service.HotspotService 27 addRecord - 006 clicked p1_nextButton
16:37:04.310 TRACE com.Kinghao.service.HotspotService 27 addRecord - 006 clicked p2_nextButton
16:37:07.422 TRACE com.Kinghao.service.HotspotService 27 addRecord - 006 clicked p3_nextButton
16:37:09.425 TRACE com.Kinghao.service.HotspotService 27 addRecord - 006 clicked p4_nextButton
16:37:11.330 TRACE com.Kinghao.service.HotspotService 27 addRecord - 006 clicked p5_nextButton
16:37:16.810 TRACE com.Kinghao.service.HotspotService 27 addRecord - 006 clicked p6_nextButton
16:37:28.336 TRACE com.Kinghao.service.HotspotService 27 addRecord - 006 clicked p7_best
16:37:34.174 TRACE com.Kinghao.service.HotspotService 27 addRecord - 006 clicked p7_nextButton
16:37:36.158 TRACE com.Kinghao.service.HotspotService 27 addRecord - 006 clicked p8_decoration
16:37:41.439 TRACE com.Kinghao.service.HotspotService 27 addRecord - 006 clicked p8_quote_button_blackbird
16:37:47.198 TRACE com.Kinghao.controller.UserController 75 login - login was request
16:37:53.327 TRACE com.Kinghao.service.HotspotService 27 addRecord - 006 clicked p8_nextButton
16:38:02.394 TRACE com.Kinghao.service.HotspotService 27 addRecord - 006 clicked p9_nextButton
16:38:03.977 TRACE com.Kinghao.controller.UserController 75 login - login was request
16:38:04.034 TRACE com.Kinghao.service.UserService 70 login - xihongshi2 login success: Login successfully
16:38:12.278 TRACE com.Kinghao.controller.ReadController 40 addRecord - open book was requested
16:38:31.803 TRACE com.Kinghao.service.HotspotService 27 addRecord - 006 clicked p10_nextButton
16:38:33.844 TRACE com.Kinghao.service.HotspotService 27 addRecord - 006 clicked p11_nextButton
16:38:46.345 TRACE com.Kinghao.service.HotspotService 27 addRecord - 006 clicked p12_nextButton
16:38:53.951 TRACE com.Kinghao.service.HotspotService 27 addRecord - 006 clicked p13_nextButton
16:38:56.920 TRACE com.Kinghao.service.HotspotService 27 addRecord - 006 clicked p14_nextButton
16:39:07.867 TRACE com.Kinghao.service.HotspotService 27 addRecord - 006 clicked p15_taking a nap
16:39:09.682 TRACE com.Kinghao.service.HotspotService 27 addRecord - 006 clicked p15_nextButton
16:39:11.675 TRACE com.Kinghao.service.HotspotService 27 addRecord - 006 clicked p16_go back
16:39:13.698 TRACE com.Kinghao.service.HotspotService 27 addRecord - 006 clicked p16_nextButton
16:39:31.967 TRACE com.Kinghao.service.HotspotService 27 addRecord - 006 clicked p17_nextButton
16:39:44.795 TRACE com.Kinghao.service.HotspotService 27 addRecord - 006 clicked p18_nextButton
16:40:15.846 TRACE com.Kinghao.controller.UserController 75 login - login was request
16:40:15.911 TRACE com.Kinghao.service.UserService 70 login - 007 login success: Login successfully
16:40:21.728 TRACE com.Kinghao.controller.ReadController 40 addRecord - open book was requested
16:40:27.176 TRACE com.Kinghao.service.HotspotService 27 addRecord - 007 clicked p1_nextButton
16:40:28.270 TRACE com.Kinghao.service.HotspotService 27 addRecord - 007 clicked p1_nextButton
16:40:30.447 TRACE com.Kinghao.service.HotspotService 27 addRecord - 007 clicked p2_nextButton
16:40:31.638 TRACE com.Kinghao.service.HotspotService 27 addRecord - 007 clicked p3_nextButton
16:40:35.518 TRACE com.Kinghao.service.HotspotService 27 addRecord - 007 clicked q2_nextButton
16:40:37.669 TRACE com.Kinghao.service.HotspotService 27 addRecord - 007 clicked p4_nextButton
16:40:56.367 TRACE com.Kinghao.service.HotspotService 27 addRecord - 007 clicked q3_nextButton
16:40:59.350 TRACE com.Kinghao.service.HotspotService 27 addRecord - 007 clicked p5_nextButton
16:41:05.446 TRACE com.Kinghao.controller.UserController 75 login - login was request
16:41:05.502 TRACE com.Kinghao.service.UserService 70 login - xihongshi2 login success: Login successfully
16:41:39.516 TRACE com.Kinghao.controller.ReadController 40 addRecord - open book was requested
16:42:01.864 TRACE com.Kinghao.service.HotspotService 27 addRecord - 007 clicked p6_nextButton
16:42:26.169 TRACE com.Kinghao.service.HotspotService 27 addRecord - 007 clicked p6_nextButton
16:42:29.821 TRACE com.Kinghao.service.HotspotService 27 addRecord - 007 clicked p7_nextButton
16:42:54.224 TRACE com.Kinghao.service.HotspotService 27 addRecord - 007 clicked q6_nextButton
16:42:56.650 TRACE com.Kinghao.service.HotspotService 27 addRecord - 007 clicked p8_nextButton
16:42:56.915 TRACE com.Kinghao.service.HotspotService 27 addRecord - xihongshi2 clicked p1_nextButton
16:43:00.392 TRACE com.Kinghao.service.HotspotService 27 addRecord - xihongshi2 clicked p1_nextButton
16:43:09.360 TRACE com.Kinghao.service.HotspotService 27 addRecord - 007 clicked p9_nextButton
16:43:22.110 TRACE com.Kinghao.service.HotspotService 27 addRecord - xihongshi clicked p1_nextButton
16:43:23.395 TRACE com.Kinghao.service.HotspotService 27 addRecord - xihongshi clicked p1_nextButton
16:43:24.090 TRACE com.Kinghao.service.HotspotService 27 addRecord - xihongshi clicked p2_nextButton
16:43:28.099 TRACE com.Kinghao.service.HotspotService 27 addRecord - xihongshi clicked p2_nextButton
16:43:28.572 TRACE com.Kinghao.service.HotspotService 27 addRecord - xihongshi2 clicked p2_takes a deep stretch
16:43:31.055 TRACE com.Kinghao.service.HotspotService 27 addRecord - xihongshi2 clicked p2_cocoon
16:43:32.479 TRACE com.Kinghao.service.HotspotService 27 addRecord - xihongshi2 clicked p2_butterfly
16:43:34.119 TRACE com.Kinghao.service.HotspotService 27 addRecord - xihongshi2 clicked p2_butterfly
16:43:34.616 TRACE com.Kinghao.service.HotspotService 27 addRecord - xihongshi2 clicked p2_beautiful
16:43:35.776 TRACE com.Kinghao.service.HotspotService 27 addRecord - xihongshi2 clicked p2_butterfly
16:43:37.601 TRACE com.Kinghao.service.HotspotService 27 addRecord - xihongshi2 clicked p2_takes a deep stretch
16:43:39.794 TRACE com.Kinghao.service.HotspotService 27 addRecord - xihongshi2 clicked p2_butterfly
16:43:42.115 TRACE com.Kinghao.service.HotspotService 27 addRecord - xihongshi2 clicked p2_butterfly
16:43:42.614 TRACE com.Kinghao.service.HotspotService 27 addRecord - xihongshi clicked p3_nextButton
16:43:45.119 TRACE com.Kinghao.service.HotspotService 27 addRecord - xihongshi2 clicked p2_beautiful
16:43:47.848 TRACE com.Kinghao.service.HotspotService 27 addRecord - xihongshi2 clicked p2_cocoon
16:43:49.162 TRACE com.Kinghao.service.HotspotService 27 addRecord - xihongshi clicked q3_nextButton
16:43:49.571 TRACE com.Kinghao.service.HotspotService 27 addRecord - xihongshi2 clicked p2_butterfly
16:43:52.691 TRACE com.Kinghao.service.HotspotService 27 addRecord - 007 clicked p6_nextButton
16:43:58.682 TRACE com.Kinghao.service.HotspotService 27 addRecord - xihongshi2 clicked p2_quote_button_littleoak
16:44:02.627 TRACE com.Kinghao.service.HotspotService 27 addRecord - xihongshi2 clicked p2_nextButton
16:44:04.489 TRACE com.Kinghao.service.HotspotService 27 addRecord - xihongshi clicked q3_nextButton
16:44:06.088 TRACE com.Kinghao.service.HotspotService 27 addRecord - 007 clicked p10_camouflage
16:44:11.983 TRACE com.Kinghao.service.HotspotService 27 addRecord - 007 clicked p10_safe
16:44:14.673 TRACE com.Kinghao.service.HotspotService 27 addRecord - xihongshi clicked p4_nextButton
16:44:15.279 TRACE com.Kinghao.service.HotspotService 27 addRecord - 007 clicked p10_replayButton
16:44:15.583 TRACE com.Kinghao.service.HotspotService 27 addRecord - xihongshi clicked p5_nextButton
16:44:19.960 TRACE com.Kinghao.service.HotspotService 27 addRecord - xihongshi2 clicked p2_nextButton
16:44:26.513 TRACE com.Kinghao.service.HotspotService 27 addRecord - 007 clicked p10_camouflage
16:44:35.058 TRACE com.Kinghao.service.HotspotService 27 addRecord - 007 clicked p10_nextButton
16:44:35.062 TRACE com.Kinghao.service.HotspotService 27 addRecord - xihongshi2 clicked p3_see
16:44:37.464 TRACE com.Kinghao.service.HotspotService 27 addRecord - xihongshi2 clicked p3_dry
16:44:38.619 TRACE com.Kinghao.service.HotspotService 27 addRecord - 007 clicked p11_nextButton
16:44:39.034 TRACE com.Kinghao.service.HotspotService 27 addRecord - xihongshi2 clicked p3_leaf
16:44:40.584 TRACE com.Kinghao.service.HotspotService 27 addRecord - xihongshi clicked q5_nextButton
16:44:43.579 TRACE com.Kinghao.service.HotspotService 27 addRecord - xihongshi2 clicked p3_disappointed
16:44:48.211 TRACE com.Kinghao.service.HotspotService 27 addRecord - xihongshi2 clicked p3_nextButton
16:46:00.819 TRACE com.Kinghao.service.HotspotService 27 addRecord - 007 clicked q10_nextButton
16:46:04.410 TRACE com.Kinghao.service.HotspotService 27 addRecord - 007 clicked p12_guard
16:46:08.681 TRACE com.Kinghao.service.HotspotService 27 addRecord - 007 clicked p12_nextButton
16:46:38.185 TRACE com.Kinghao.service.HotspotService 27 addRecord - 007 clicked p12_nextButton
16:46:51.531 TRACE com.Kinghao.service.HotspotService 27 addRecord - 007 clicked p13_nextButton
16:47:31.593 TRACE com.Kinghao.service.HotspotService 27 addRecord - 007 clicked p14_nextButton
16:47:33.615 TRACE com.Kinghao.service.HotspotService 27 addRecord - 007 clicked p15_nextButton
16:48:02.582 TRACE com.Kinghao.service.HotspotService 27 addRecord - 007 clicked p15_nextButton
16:48:04.628 TRACE com.Kinghao.service.HotspotService 27 addRecord - 007 clicked p16_nextButton
16:48:26.710 TRACE com.Kinghao.service.HotspotService 27 addRecord - 007 clicked p17_nextButton
16:49:57.557 TRACE com.Kinghao.service.HotspotService 27 addRecord - 007 clicked p17_nextButton
16:49:59.484 TRACE com.Kinghao.service.HotspotService 27 addRecord - 007 clicked p18_nextButton
16:50:57.056 TRACE com.Kinghao.service.HotspotService 27 addRecord - 007 clicked p15_nextButton
16:51:16.811 TRACE com.Kinghao.controller.UserController 75 login - login was request
16:51:16.875 TRACE com.Kinghao.service.UserService 70 login - 008 login success: Login successfully
16:51:26.659 TRACE com.Kinghao.controller.ReadController 40 addRecord - open book was requested
16:52:36.464 TRACE com.Kinghao.service.HotspotService 27 addRecord - 008 clicked p1_nextButton
16:52:37.264 TRACE com.Kinghao.service.HotspotService 27 addRecord - 008 clicked p1_nextButton
16:52:37.598 TRACE com.Kinghao.service.HotspotService 27 addRecord - 008 clicked p2_nextButton
16:52:47.648 TRACE com.Kinghao.service.HotspotService 27 addRecord - 008 clicked p3_nextButton
16:52:49.091 TRACE com.Kinghao.service.HotspotService 27 addRecord - 008 clicked p4_nextButton
16:52:51.014 TRACE com.Kinghao.service.HotspotService 27 addRecord - 008 clicked p5_nextButton
16:52:52.960 TRACE com.Kinghao.service.HotspotService 27 addRecord - 008 clicked p6_nextButton
16:53:01.388 TRACE com.Kinghao.service.HotspotService 27 addRecord - 008 clicked p7_nextButton
16:53:12.936 TRACE com.Kinghao.controller.UserController 75 login - login was request
16:53:12.994 TRACE com.Kinghao.service.UserService 70 login - 009 login success: Login successfully
16:53:19.255 TRACE com.Kinghao.controller.ReadController 40 addRecord - open book was requested
16:53:26.101 TRACE com.Kinghao.service.HotspotService 27 addRecord - 009 clicked p1_nextButton
16:53:26.901 TRACE com.Kinghao.service.HotspotService 27 addRecord - 009 clicked p1_nextButton
16:53:29.142 TRACE com.Kinghao.service.HotspotService 27 addRecord - 009 clicked p2_nextButton
16:53:31.283 TRACE com.Kinghao.service.HotspotService 27 addRecord - 009 clicked p3_nextButton
16:54:45.004 TRACE com.Kinghao.controller.UserController 75 login - login was request
16:54:45.060 TRACE com.Kinghao.service.UserService 70 login - 009 login success: Login successfully
16:54:55.589 TRACE com.Kinghao.controller.ReadController 40 addRecord - open book was requested
16:55:05.317 TRACE com.Kinghao.service.HotspotService 27 addRecord - 009 clicked p1_nextButton
16:55:05.345 TRACE com.Kinghao.service.HotspotService 27 addRecord - 009 clicked p1_nextButton
16:55:11.429 TRACE com.Kinghao.service.HotspotService 27 addRecord - 009 clicked p1_nextButton
16:55:11.462 TRACE com.Kinghao.service.HotspotService 27 addRecord - 009 clicked p1_nextButton
16:55:29.497 TRACE com.Kinghao.service.HotspotService 27 addRecord - 009 clicked p2_nextButton
16:55:31.057 TRACE com.Kinghao.service.HotspotService 27 addRecord - 009 clicked p3_nextButton
16:55:45.541 TRACE com.Kinghao.controller.UserController 75 login - login was request
16:55:45.601 TRACE com.Kinghao.service.UserService 70 login - 010 login success: Login successfully
16:55:50.654 TRACE com.Kinghao.controller.ReadController 40 addRecord - open book was requested
16:56:10.721 TRACE com.Kinghao.service.HotspotService 27 addRecord - 010 clicked p1_nextButton
16:56:11.175 TRACE com.Kinghao.service.HotspotService 27 addRecord - 010 clicked p1_nextButton
16:56:14.225 TRACE com.Kinghao.service.HotspotService 27 addRecord - 010 clicked p1_nextButton
16:56:23.606 TRACE com.Kinghao.service.HotspotService 27 addRecord - 010 clicked p2_nextButton
16:56:26.548 TRACE com.Kinghao.service.HotspotService 27 addRecord - 010 clicked p3_nextButton
16:56:36.236 TRACE com.Kinghao.service.HotspotService 27 addRecord - 010 clicked p4_nextButton
16:58:12.913 TRACE com.Kinghao.controller.ReadController 40 addRecord - open book was requested
17:01:16.202 TRACE com.Kinghao.service.HotspotService 27 addRecord - xihongshi clicked p6_nextButton
17:01:21.443 TRACE com.Kinghao.service.HotspotService 27 addRecord - xihongshi clicked q6_nextButton
17:01:31.713 TRACE com.Kinghao.service.HotspotService 27 addRecord - xihongshi clicked p7_nextButton
17:01:36.904 TRACE com.Kinghao.service.HotspotService 27 addRecord - xihongshi clicked q7_nextButton
17:02:00.227 TRACE com.Kinghao.service.HotspotService 27 addRecord - xihongshi clicked p8_nextButton
19:02:04.532 TRACE com.Kinghao.controller.UserController 75 login - login was request
19:02:04.600 TRACE com.Kinghao.service.UserService 70 login - 040 login success: Login successfully
19:07:18.789 TRACE com.Kinghao.controller.ReadController 40 addRecord - open book was requested
19:07:53.040 TRACE com.Kinghao.service.HotspotService 27 addRecord - 040 clicked p1_nextButton
19:08:13.811 TRACE com.Kinghao.service.HotspotService 27 addRecord - 040 clicked p1_quote_button_blackbird
19:08:14.544 TRACE com.Kinghao.service.HotspotService 27 addRecord - 040 clicked p1_quote_button_blackbird
19:08:15.205 TRACE com.Kinghao.service.HotspotService 27 addRecord - 040 clicked p1_quote_button_blackbird
19:08:15.829 TRACE com.Kinghao.service.HotspotService 27 addRecord - 040 clicked p1_quote_button_blackbird
19:08:33.518 TRACE com.Kinghao.service.HotspotService 27 addRecord - 040 clicked p1_quote_button_oakleaf
19:08:34.176 TRACE com.Kinghao.service.HotspotService 27 addRecord - 040 clicked p1_quote_button_oakleaf
19:08:34.858 TRACE com.Kinghao.service.HotspotService 27 addRecord - 040 clicked p1_quote_button_oakleaf
19:08:35.479 TRACE com.Kinghao.service.HotspotService 27 addRecord - 040 clicked p1_quote_button_oakleaf
19:08:36.566 TRACE com.Kinghao.service.HotspotService 27 addRecord - 040 clicked p1_quote_button_oakleaf
19:08:37.239 TRACE com.Kinghao.service.HotspotService 27 addRecord - 040 clicked p1_quote_button_oakleaf
19:08:37.869 TRACE com.Kinghao.service.HotspotService 27 addRecord - 040 clicked p1_quote_button_oakleaf
19:08:38.533 TRACE com.Kinghao.service.HotspotService 27 addRecord - 040 clicked p1_quote_button_oakleaf
19:08:51.549 TRACE com.Kinghao.service.HotspotService 27 addRecord - 040 clicked p1_quote_button_oakleaf
19:08:52.110 TRACE com.Kinghao.service.HotspotService 27 addRecord - 040 clicked p1_quote_button_oakleaf
19:09:06.452 TRACE com.Kinghao.service.HotspotService 27 addRecord - 040 clicked p1_quote_button_ladybug
19:09:29.343 TRACE com.Kinghao.service.HotspotService 27 addRecord - 040 clicked p1_nextButton
19:09:31.718 TRACE com.Kinghao.service.HotspotService 27 addRecord - 040 clicked p1_nextButton
19:10:20.748 TRACE com.Kinghao.service.HotspotService 27 addRecord - 040 clicked p2_quote_button_littleoak
19:10:24.614 TRACE com.Kinghao.service.HotspotService 27 addRecord - 040 clicked p2_nextButton
19:10:35.715 TRACE com.Kinghao.service.HotspotService 27 addRecord - 040 clicked p3_nextButton
19:10:50.542 TRACE com.Kinghao.service.HotspotService 27 addRecord - 040 clicked p4_backButton
19:10:54.072 TRACE com.Kinghao.service.HotspotService 27 addRecord - 040 clicked p3_replayButton
19:12:32.611 TRACE com.Kinghao.service.HotspotService 27 addRecord - 040 clicked p3_nextButton
19:14:17.688 TRACE com.Kinghao.service.HotspotService 27 addRecord - 040 clicked p4_rainbow
19:14:58.656 TRACE com.Kinghao.service.HotspotService 27 addRecord - 040 clicked p4_nextButton
19:15:01.606 TRACE com.Kinghao.service.HotspotService 27 addRecord - 040 clicked p4_nextButton
19:15:03.541 TRACE com.Kinghao.service.HotspotService 27 addRecord - 040 clicked p4_nextButton
19:16:41.459 TRACE com.Kinghao.service.HotspotService 27 addRecord - 040 clicked p5_nextButton
19:16:58.065 TRACE com.Kinghao.service.HotspotService 27 addRecord - 040 clicked p6_nextButton
19:17:40.980 TRACE com.Kinghao.service.HotspotService 27 addRecord - 040 clicked p7_backButton
19:18:47.738 TRACE com.Kinghao.service.HotspotService 27 addRecord - 040 clicked p6_nextButton
19:19:42.528 TRACE com.Kinghao.service.HotspotService 27 addRecord - 040 clicked p7_gift
19:20:05.045 TRACE com.Kinghao.service.HotspotService 27 addRecord - 040 clicked p7_nextButton
19:20:18.876 TRACE com.Kinghao.service.HotspotService 27 addRecord - 040 clicked p8_quote_button_blackbird
19:20:20.503 TRACE com.Kinghao.service.HotspotService 27 addRecord - 040 clicked p8_quote_button_blackbird
19:20:26.140 TRACE com.Kinghao.service.HotspotService 27 addRecord - 040 clicked p8_quote_button_blackbird
19:20:36.009 TRACE com.Kinghao.service.HotspotService 27 addRecord - 040 clicked p8_quote_button_blackbird
19:20:37.110 TRACE com.Kinghao.service.HotspotService 27 addRecord - 040 clicked p8_quote_button_blackbird
19:20:38.508 TRACE com.Kinghao.service.HotspotService 27 addRecord - 040 clicked p8_quote_button_blackbird
19:20:39.051 TRACE com.Kinghao.service.HotspotService 27 addRecord - 040 clicked p8_quote_button_blackbird
19:20:39.704 TRACE com.Kinghao.service.HotspotService 27 addRecord - 040 clicked p8_quote_button_blackbird
19:20:40.428 TRACE com.Kinghao.service.HotspotService 27 addRecord - 040 clicked p8_quote_button_blackbird
19:20:41.221 TRACE com.Kinghao.service.HotspotService 27 addRecord - 040 clicked p8_quote_button_blackbird
19:20:41.964 TRACE com.Kinghao.service.HotspotService 27 addRecord - 040 clicked p8_quote_button_blackbird
19:20:51.126 TRACE com.Kinghao.service.HotspotService 27 addRecord - 040 clicked p7_quote_button_littleoak
19:20:57.537 TRACE com.Kinghao.service.HotspotService 27 addRecord - 040 clicked p7_nextButton
19:21:59.754 TRACE com.Kinghao.service.HotspotService 27 addRecord - 040 clicked p8_nextButton
19:23:27.466 TRACE com.Kinghao.service.HotspotService 27 addRecord - 040 clicked p9_nextButton
19:25:23.561 TRACE com.Kinghao.service.HotspotService 27 addRecord - 040 clicked p10_nextButton
19:26:44.042 TRACE com.Kinghao.service.HotspotService 27 addRecord - 040 clicked p11_nextButton
19:28:05.464 TRACE com.Kinghao.service.HotspotService 27 addRecord - 040 clicked p12_nextButton
19:29:12.697 TRACE com.Kinghao.service.HotspotService 27 addRecord - 040 clicked p13_nextButton
19:30:13.331 TRACE com.Kinghao.service.HotspotService 27 addRecord - 040 clicked p14_nextButton
19:31:00.232 TRACE com.Kinghao.service.HotspotService 27 addRecord - 040 clicked p15_nextButton
19:32:15.631 TRACE com.Kinghao.service.HotspotService 27 addRecord - 040 clicked p16_nextButton
19:33:36.244 TRACE com.Kinghao.service.HotspotService 27 addRecord - 040 clicked p17_nextButton
19:34:44.464 TRACE com.Kinghao.service.HotspotService 27 addRecord - 040 clicked p18_replayButton
19:34:52.006 TRACE com.Kinghao.service.HotspotService 27 addRecord - 040 clicked p18_replayButton
19:34:55.584 TRACE com.Kinghao.service.HotspotService 27 addRecord - 040 clicked p18_replayButton
19:37:20.220 TRACE com.Kinghao.service.HotspotService 27 addRecord - 040 clicked p18_nextButton
19:38:58.180 TRACE com.Kinghao.service.HotspotService 27 addRecord - 040 clicked p17_quote_button_redbtfl
19:38:58.287 TRACE com.Kinghao.service.HotspotService 27 addRecord - 040 clicked p17_quote_button_yellowbtfl
19:38:58.383 TRACE com.Kinghao.service.HotspotService 27 addRecord - 040 clicked p17_nextButton
19:38:58.436 TRACE com.Kinghao.service.HotspotService 27 addRecord - 040 clicked p18_nextButton
19:39:11.471 TRACE com.Kinghao.service.HotspotService 27 addRecord - 040 clicked p18_quote_button_redbtfl
19:40:18.192 TRACE com.Kinghao.service.HotspotService 27 addRecord - 040 clicked p18_nextButton
20:03:24.063 TRACE com.Kinghao.controller.UserController 75 login - login was request
20:03:24.118 TRACE com.Kinghao.service.UserService 70 login - 015 login success: Login successfully
20:10:04.763 TRACE com.Kinghao.controller.ReadController 40 addRecord - open book was requested
20:10:23.441 TRACE com.Kinghao.service.HotspotService 27 addRecord - 015 clicked p1_quote_button_blackbird
20:10:44.413 TRACE com.Kinghao.service.HotspotService 27 addRecord - 015 clicked p1_replayButton
20:10:53.664 TRACE com.Kinghao.service.HotspotService 27 addRecord - 015 clicked p1_replayButton
20:11:05.428 TRACE com.Kinghao.service.HotspotService 27 addRecord - 015 clicked p1_quote_button_flower
20:11:06.448 TRACE com.Kinghao.service.HotspotService 27 addRecord - 015 clicked p1_nextButton
20:11:10.451 TRACE com.Kinghao.service.HotspotService 27 addRecord - 015 clicked p1_nextButton
20:11:13.371 TRACE com.Kinghao.service.HotspotService 27 addRecord - 015 clicked p2_backButton
20:11:14.682 TRACE com.Kinghao.service.HotspotService 27 addRecord - 015 clicked p1_quote_button_blackbird
20:11:23.196 TRACE com.Kinghao.service.HotspotService 27 addRecord - 015 clicked p1_quote_button_blackbird
20:11:31.505 TRACE com.Kinghao.service.HotspotService 27 addRecord - 015 clicked p1_quote_button_oakleaf
20:11:41.800 TRACE com.Kinghao.service.HotspotService 27 addRecord - 015 clicked p1_quote_button_oakleaf
20:11:52.200 TRACE com.Kinghao.service.HotspotService 27 addRecord - 015 clicked p1_quote_button_ladybug
20:11:58.449 TRACE com.Kinghao.service.HotspotService 27 addRecord - 015 clicked p1_quote_button_ladybug
20:12:05.473 TRACE com.Kinghao.service.HotspotService 27 addRecord - 015 clicked p1_quote_button_flower
20:12:15.422 TRACE com.Kinghao.service.HotspotService 27 addRecord - 015 clicked p1_quote_button_blackbird
20:12:57.056 TRACE com.Kinghao.service.HotspotService 27 addRecord - 015 clicked p1_quote_button_blackbird
20:13:04.943 TRACE com.Kinghao.service.HotspotService 27 addRecord - 015 clicked p1_quote_button_blackbird
20:13:13.048 TRACE com.Kinghao.service.HotspotService 27 addRecord - 015 clicked p1_quote_button_blackbird
20:13:20.954 TRACE com.Kinghao.service.HotspotService 27 addRecord - 015 clicked p1_quote_button_oakleaf
20:13:31.912 TRACE com.Kinghao.service.HotspotService 27 addRecord - 015 clicked p1_quote_button_oakleaf
20:13:40.696 TRACE com.Kinghao.service.HotspotService 27 addRecord - 015 clicked p1_quote_button_ladybug
20:13:46.943 TRACE com.Kinghao.service.HotspotService 27 addRecord - 015 clicked p1_quote_button_ladybug
20:13:53.481 TRACE com.Kinghao.service.HotspotService 27 addRecord - 015 clicked p1_quote_button_ladybug
20:13:59.446 TRACE com.Kinghao.service.HotspotService 27 addRecord - 015 clicked p1_quote_button_ladybug
20:14:00.661 TRACE com.Kinghao.service.HotspotService 27 addRecord - 015 clicked p1_quote_button_ladybug
20:14:08.347 TRACE com.Kinghao.service.HotspotService 27 addRecord - 015 clicked p1_quote_button_flower
20:14:18.418 TRACE com.Kinghao.service.HotspotService 27 addRecord - 015 clicked p1_quote_button_flower
20:14:27.196 TRACE com.Kinghao.service.HotspotService 27 addRecord - 015 clicked p1_nextButton
20:14:50.303 TRACE com.Kinghao.service.HotspotService 27 addRecord - 015 clicked p2_beautiful
20:15:01.627 TRACE com.Kinghao.service.HotspotService 27 addRecord - 015 clicked p2_beautiful
20:15:03.487 TRACE com.Kinghao.service.HotspotService 27 addRecord - 015 clicked p2_beautiful
20:15:04.413 TRACE com.Kinghao.service.HotspotService 27 addRecord - 015 clicked p2_beautiful
20:15:09.327 TRACE com.Kinghao.service.HotspotService 27 addRecord - 015 clicked p2_beautiful
20:15:18.981 TRACE com.Kinghao.service.HotspotService 27 addRecord - 015 clicked p2_butterfly
20:15:31.851 TRACE com.Kinghao.service.HotspotService 27 addRecord - 015 clicked p2_cocoon
20:15:44.960 TRACE com.Kinghao.service.HotspotService 27 addRecord - 015 clicked p2_takes a deep stretch
20:15:45.696 TRACE com.Kinghao.service.HotspotService 27 addRecord - 015 clicked p2_takes a deep stretch
20:16:00.874 TRACE com.Kinghao.service.HotspotService 27 addRecord - 015 clicked p2_nextButton
20:16:02.267 TRACE com.Kinghao.service.HotspotService 27 addRecord - 015 clicked p2_nextButton
20:16:23.768 TRACE com.Kinghao.service.HotspotService 27 addRecord - 015 clicked p3_water
20:16:24.927 TRACE com.Kinghao.service.HotspotService 27 addRecord - 015 clicked p3_water
20:16:44.523 TRACE com.Kinghao.service.HotspotService 27 addRecord - 015 clicked p3_water
20:16:45.499 TRACE com.Kinghao.service.HotspotService 27 addRecord - 015 clicked p3_water
20:16:53.192 TRACE com.Kinghao.service.HotspotService 27 addRecord - 015 clicked p3_disappointed
20:17:02.313 TRACE com.Kinghao.service.HotspotService 27 addRecord - 015 clicked p3_disappointed
20:17:32.259 TRACE com.Kinghao.service.HotspotService 27 addRecord - 015 clicked p3_dry
20:17:44.243 TRACE com.Kinghao.service.HotspotService 27 addRecord - 015 clicked p3_dry
20:17:50.083 TRACE com.Kinghao.service.HotspotService 27 addRecord - 015 clicked p3_dry
20:19:43.377 TRACE com.Kinghao.controller.UserController 75 login - login was request
20:19:43.431 TRACE com.Kinghao.service.UserService 70 login - 015 login success: Login successfully
20:19:48.547 TRACE com.Kinghao.controller.ReadController 40 addRecord - open book was requested
20:21:11.838 TRACE com.Kinghao.controller.ReadController 40 addRecord - open book was requested
20:21:33.472 TRACE com.Kinghao.service.HotspotService 27 addRecord - 015 clicked p1_nextButton
20:21:36.058 TRACE com.Kinghao.service.HotspotService 27 addRecord - 015 clicked p1_nextButton
20:21:37.467 TRACE com.Kinghao.service.HotspotService 27 addRecord - 015 clicked p2_nextButton
20:21:38.878 TRACE com.Kinghao.service.HotspotService 27 addRecord - 015 clicked p3_nextButton
20:22:27.974 TRACE com.Kinghao.service.HotspotService 27 addRecord - 015 clicked q2
20:22:43.914 TRACE com.Kinghao.service.HotspotService 27 addRecord - 015 clicked q2_nextButton
20:22:57.583 TRACE com.Kinghao.service.HotspotService 27 addRecord - 015 clicked p4_sit
20:22:58.023 TRACE com.Kinghao.service.HotspotService 27 addRecord - 015 clicked p4_sit
20:23:12.489 TRACE com.Kinghao.service.HotspotService 27 addRecord - 015 clicked p4_sit
20:23:22.051 TRACE com.Kinghao.service.HotspotService 27 addRecord - 015 clicked p4_watch
20:23:39.878 TRACE com.Kinghao.service.HotspotService 27 addRecord - 015 clicked p4_butterfly
20:23:40.353 TRACE com.Kinghao.service.HotspotService 27 addRecord - 015 clicked p4_butterfly
20:23:40.593 TRACE com.Kinghao.service.HotspotService 27 addRecord - 015 clicked p4_butterfly
20:24:00.580 TRACE com.Kinghao.service.HotspotService 27 addRecord - 015 clicked p4_friends
20:24:17.971 TRACE com.Kinghao.service.HotspotService 27 addRecord - 015 clicked p4_dance
20:24:27.219 TRACE com.Kinghao.service.HotspotService 27 addRecord - 015 clicked p4_garden
20:24:37.351 TRACE com.Kinghao.service.HotspotService 27 addRecord - 015 clicked p4_colorful
20:24:55.264 TRACE com.Kinghao.service.HotspotService 27 addRecord - 015 clicked p4_colorful
20:24:55.859 TRACE com.Kinghao.service.HotspotService 27 addRecord - 015 clicked p4_colorful
20:25:08.788 TRACE com.Kinghao.service.HotspotService 27 addRecord - 015 clicked p4_Red
20:25:16.015 TRACE com.Kinghao.service.HotspotService 27 addRecord - 015 clicked p4_Red
20:25:16.949 TRACE com.Kinghao.service.HotspotService 27 addRecord - 015 clicked p4_Red
20:25:25.579 TRACE com.Kinghao.service.HotspotService 27 addRecord - 015 clicked p4_yellow
20:25:25.986 TRACE com.Kinghao.service.HotspotService 27 addRecord - 015 clicked p4_yellow
20:25:26.583 TRACE com.Kinghao.service.HotspotService 27 addRecord - 015 clicked p4_yellow
20:25:37.273 TRACE com.Kinghao.service.HotspotService 27 addRecord - 015 clicked p4_yellow
20:25:45.616 TRACE com.Kinghao.service.HotspotService 27 addRecord - 015 clicked p4_orange
20:26:31.814 TRACE com.Kinghao.service.HotspotService 27 addRecord - 015 clicked p4_rainbow
20:26:32.195 TRACE com.Kinghao.service.HotspotService 27 addRecord - 015 clicked p4_rainbow
20:26:36.650 TRACE com.Kinghao.service.HotspotService 27 addRecord - 015 clicked p4_green
20:26:47.492 TRACE com.Kinghao.service.HotspotService 27 addRecord - 015 clicked p4_purple
20:27:00.036 TRACE com.Kinghao.service.HotspotService 27 addRecord - 015 clicked p4_nextButton
20:27:00.184 TRACE com.Kinghao.service.HotspotService 27 addRecord - 015 clicked p4_nextButton
20:27:01.265 TRACE com.Kinghao.service.HotspotService 27 addRecord - 015 clicked q3_nextButton
20:27:09.433 TRACE com.Kinghao.service.HotspotService 27 addRecord - 015 clicked p5_popular
20:27:19.858 TRACE com.Kinghao.service.HotspotService 27 addRecord - 015 clicked p5_love
20:27:39.676 TRACE com.Kinghao.service.HotspotService 27 addRecord - 015 clicked p5_love
20:27:40.132 TRACE com.Kinghao.service.HotspotService 27 addRecord - 015 clicked p5_love
20:27:47.685 TRACE com.Kinghao.service.HotspotService 27 addRecord - 015 clicked p5_Bunnies
20:27:57.196 TRACE com.Kinghao.service.HotspotService 27 addRecord - 015 clicked p5_Bunnies
20:27:58.057 TRACE com.Kinghao.service.HotspotService 27 addRecord - 015 clicked p5_Bunnies
20:28:13.631 TRACE com.Kinghao.service.HotspotService 27 addRecord - 015 clicked p5_nextButton
20:28:15.442 TRACE com.Kinghao.service.HotspotService 27 addRecord - 015 clicked p5_nextButton
20:28:34.781 TRACE com.Kinghao.service.HotspotService 27 addRecord - 015 clicked p6_quote_button_littleoak
20:28:42.752 TRACE com.Kinghao.service.HotspotService 27 addRecord - 015 clicked p6_quote_button_littleoak
20:28:49.204 TRACE com.Kinghao.service.HotspotService 27 addRecord - 015 clicked p6_quote_button_littleoak
20:28:50.614 TRACE com.Kinghao.service.HotspotService 27 addRecord - 015 clicked p6_quote_button_littleoak
20:28:58.967 TRACE com.Kinghao.service.HotspotService 27 addRecord - 015 clicked p6_But
20:29:08.529 TRACE com.Kinghao.service.HotspotService 27 addRecord - 015 clicked p6_nobody
20:29:25.272 TRACE com.Kinghao.service.HotspotService 27 addRecord - 015 clicked p6_notices
20:29:35.745 TRACE com.Kinghao.service.HotspotService 27 addRecord - 015 clicked p6_notices
20:29:37.655 TRACE com.Kinghao.service.HotspotService 27 addRecord - 015 clicked p6_notices
20:29:38.941 TRACE com.Kinghao.service.HotspotService 27 addRecord - 015 clicked p6_notices
20:29:39.498 TRACE com.Kinghao.service.HotspotService 27 addRecord - 015 clicked p6_notices
20:29:40.142 TRACE com.Kinghao.service.HotspotService 27 addRecord - 015 clicked p6_notices
20:29:42.372 TRACE com.Kinghao.service.HotspotService 27 addRecord - 015 clicked p6_notices
20:29:42.544 TRACE com.Kinghao.service.HotspotService 27 addRecord - 015 clicked p6_notices
20:29:44.823 TRACE com.Kinghao.service.HotspotService 27 addRecord - 015 clicked p6_notices
20:29:50.156 TRACE com.Kinghao.service.HotspotService 27 addRecord - 015 clicked p6_Little Oak
20:29:52.840 TRACE com.Kinghao.service.HotspotService 27 addRecord - 015 clicked p6_Little Oak
20:29:53.318 TRACE com.Kinghao.service.HotspotService 27 addRecord - 015 clicked p6_Little Oak
20:29:53.634 TRACE com.Kinghao.service.HotspotService 27 addRecord - 015 clicked p6_Little Oak
20:30:00.242 TRACE com.Kinghao.service.HotspotService 27 addRecord - 015 clicked p6_Little Oak
20:30:01.258 TRACE com.Kinghao.service.HotspotService 27 addRecord - 015 clicked p6_Little Oak
20:30:03.115 TRACE com.Kinghao.service.HotspotService 27 addRecord - 015 clicked p6_Little Oak
20:30:05.323 TRACE com.Kinghao.service.HotspotService 27 addRecord - 015 clicked p6_Little Oak
20:30:07.629 TRACE com.Kinghao.service.HotspotService 27 addRecord - 015 clicked p6_think
20:30:08.978 TRACE com.Kinghao.service.HotspotService 27 addRecord - 015 clicked p6_Little Oak
20:30:09.983 TRACE com.Kinghao.service.HotspotService 27 addRecord - 015 clicked p6_think
20:30:11.310 TRACE com.Kinghao.service.HotspotService 27 addRecord - 015 clicked p6_think
20:30:16.754 TRACE com.Kinghao.service.HotspotService 27 addRecord - 015 clicked p6_think
20:30:18.142 TRACE com.Kinghao.service.HotspotService 27 addRecord - 015 clicked p6_think
20:30:25.348 TRACE com.Kinghao.service.HotspotService 27 addRecord - 015 clicked p6_think
20:30:37.521 TRACE com.Kinghao.service.HotspotService 27 addRecord - 015 clicked p6_think
20:30:44.916 TRACE com.Kinghao.service.HotspotService 27 addRecord - 015 clicked p6_sad
20:30:54.380 TRACE com.Kinghao.service.HotspotService 27 addRecord - 015 clicked p6_sad
20:30:55.626 TRACE com.Kinghao.service.HotspotService 27 addRecord - 015 clicked p6_begin
20:30:57.484 TRACE com.Kinghao.service.HotspotService 27 addRecord - 015 clicked p6_begin
20:31:12.416 TRACE com.Kinghao.service.HotspotService 27 addRecord - 015 clicked p6_begin
20:32:25.579 TRACE com.Kinghao.controller.UserController 75 login - login was request
20:32:32.606 TRACE com.Kinghao.controller.UserController 75 login - login was request
20:32:51.920 TRACE com.Kinghao.controller.UserController 75 login - login was request
20:32:51.978 TRACE com.Kinghao.service.UserService 70 login - 015 login success: Login successfully
20:33:01.482 TRACE com.Kinghao.controller.ReadController 40 addRecord - open book was requested
20:33:35.782 TRACE com.Kinghao.service.HotspotService 27 addRecord - 015 clicked p1_quote_button_oakleaf
20:33:40.713 TRACE com.Kinghao.service.HotspotService 27 addRecord - 015 clicked p1_nextButton
20:33:41.614 TRACE com.Kinghao.service.HotspotService 27 addRecord - 015 clicked p1_nextButton
20:33:42.770 TRACE com.Kinghao.service.HotspotService 27 addRecord - 015 clicked p2_nextButton
20:33:44.537 TRACE com.Kinghao.service.HotspotService 27 addRecord - 015 clicked p3_nextButton
20:33:45.715 TRACE com.Kinghao.service.HotspotService 27 addRecord - 015 clicked q2_nextButton
20:33:47.253 TRACE com.Kinghao.service.HotspotService 27 addRecord - 015 clicked p4_nextButton
20:34:29.865 TRACE com.Kinghao.service.HotspotService 27 addRecord - 015 clicked p3_backButton
20:34:35.975 TRACE com.Kinghao.service.HotspotService 27 addRecord - 015 clicked p4_orange
20:34:48.434 TRACE com.Kinghao.service.HotspotService 27 addRecord - 015 clicked p4_nextButton
20:35:22.353 TRACE com.Kinghao.service.HotspotService 27 addRecord - 015 clicked q3
20:35:23.286 TRACE com.Kinghao.service.HotspotService 27 addRecord - 015 clicked q3
20:35:26.124 TRACE com.Kinghao.service.HotspotService 27 addRecord - 015 clicked q3
20:35:27.760 TRACE com.Kinghao.service.HotspotService 27 addRecord - 015 clicked q3
20:35:34.937 TRACE com.Kinghao.service.HotspotService 27 addRecord - 015 clicked p5_quote_button_bunnies
20:35:35.334 TRACE com.Kinghao.service.HotspotService 27 addRecord - 015 clicked p5_quote_button_bunnies
20:35:42.264 TRACE com.Kinghao.service.HotspotService 27 addRecord - 015 clicked p5_quote_button_flowers_5
20:35:53.227 TRACE com.Kinghao.service.HotspotService 27 addRecord - 015 clicked p5_quote_button_flowers_4
20:36:02.349 TRACE com.Kinghao.service.HotspotService 27 addRecord - 015 clicked p5_quote_button_butterflies_3
20:36:08.329 TRACE com.Kinghao.service.HotspotService 27 addRecord - 015 clicked p5_quote_button_butterflies_2
20:36:12.688 TRACE com.Kinghao.service.HotspotService 27 addRecord - 015 clicked p5_nextButton
20:36:13.162 TRACE com.Kinghao.service.HotspotService 27 addRecord - 015 clicked p5_quote_button_butterflies_1
20:36:16.500 TRACE com.Kinghao.service.HotspotService 27 addRecord - 015 clicked p6_nextButton
20:37:14.326 TRACE com.Kinghao.service.HotspotService 27 addRecord - 015 clicked q5
20:37:31.649 TRACE com.Kinghao.service.HotspotService 27 addRecord - 015 clicked p6_nextButton
20:38:17.975 TRACE com.Kinghao.service.HotspotService 27 addRecord - 015 clicked p7_comfort
20:38:33.636 TRACE com.Kinghao.service.HotspotService 27 addRecord - 015 clicked p7_comfort
20:38:42.030 TRACE com.Kinghao.service.HotspotService 27 addRecord - 015 clicked p7_know
20:38:49.007 TRACE com.Kinghao.service.HotspotService 27 addRecord - 015 clicked p7_best
20:38:58.174 TRACE com.Kinghao.service.HotspotService 27 addRecord - 015 clicked p7_gift
20:38:59.233 TRACE com.Kinghao.service.HotspotService 27 addRecord - 015 clicked p7_gift
20:39:10.349 TRACE com.Kinghao.service.HotspotService 27 addRecord - 015 clicked p7_gift
20:39:18.228 TRACE com.Kinghao.service.HotspotService 27 addRecord - 015 clicked p7_nature
20:39:18.523 TRACE com.Kinghao.service.HotspotService 27 addRecord - 015 clicked p7_nature
20:39:18.807 TRACE com.Kinghao.service.HotspotService 27 addRecord - 015 clicked p7_nature
20:39:28.520 TRACE com.Kinghao.service.HotspotService 27 addRecord - 015 clicked p7_quote_button_littleoak
20:39:31.054 TRACE com.Kinghao.service.HotspotService 27 addRecord - 015 clicked p6_nextButton
20:39:32.159 TRACE com.Kinghao.service.HotspotService 27 addRecord - 015 clicked p7_nextButton
20:39:33.321 TRACE com.Kinghao.service.HotspotService 27 addRecord - 015 clicked q6_nextButton
20:40:05.756 TRACE com.Kinghao.service.HotspotService 27 addRecord - 015 clicked p8_quote_button_blackbird
20:40:17.720 TRACE com.Kinghao.service.HotspotService 27 addRecord - 015 clicked p8_quote_button_orangebtfl
20:40:22.603 TRACE com.Kinghao.service.HotspotService 27 addRecord - 015 clicked p8_quote_button_orangebtfl
20:40:22.716 TRACE com.Kinghao.service.HotspotService 27 addRecord - 015 clicked p8_quote_button_redbtfl
20:40:23.505 TRACE com.Kinghao.service.HotspotService 27 addRecord - 015 clicked p8_quote_button_redbtfl
20:40:24.809 TRACE com.Kinghao.service.HotspotService 27 addRecord - 015 clicked p8_quote_button_orangebtfl
20:40:29.277 TRACE com.Kinghao.service.HotspotService 27 addRecord - 015 clicked p8_quote_button_redbtfl
20:40:33.172 TRACE com.Kinghao.service.HotspotService 27 addRecord - 015 clicked p8_quote_button_pinkbtfl
20:40:38.946 TRACE com.Kinghao.service.HotspotService 27 addRecord - 015 clicked p8_quote_button_pinkbtfl
20:40:55.339 TRACE com.Kinghao.service.HotspotService 27 addRecord - 015 clicked p8_big
20:41:02.238 TRACE com.Kinghao.service.HotspotService 27 addRecord - 015 clicked p8_visit
20:41:10.714 TRACE com.Kinghao.service.HotspotService 27 addRecord - 015 clicked p8_garden
20:41:19.771 TRACE com.Kinghao.service.HotspotService 27 addRecord - 015 clicked p8_garden
20:41:27.091 TRACE com.Kinghao.service.HotspotService 27 addRecord - 015 clicked p8_butterflies
20:41:37.565 TRACE com.Kinghao.service.HotspotService 27 addRecord - 015 clicked p8_beautiful
20:41:48.260 TRACE com.Kinghao.service.HotspotService 27 addRecord - 015 clicked p8_beautiful
20:41:48.691 TRACE com.Kinghao.service.HotspotService 27 addRecord - 015 clicked p8_beautiful
20:41:48.990 TRACE com.Kinghao.service.HotspotService 27 addRecord - 015 clicked p8_beautiful
20:41:49.285 TRACE com.Kinghao.service.HotspotService 27 addRecord - 015 clicked p8_beautiful
20:42:02.732 TRACE com.Kinghao.service.HotspotService 27 addRecord - 015 clicked p8_decoration
20:42:11.071 TRACE com.Kinghao.service.HotspotService 27 addRecord - 015 clicked p8_decoration
20:42:17.283 TRACE com.Kinghao.service.HotspotService 27 addRecord - 015 clicked p8_house
20:42:29.768 TRACE com.Kinghao.service.HotspotService 27 addRecord - 015 clicked p8_nextButton
20:43:06.498 TRACE com.Kinghao.service.HotspotService 27 addRecord - 015 clicked p9_quote_button_butterflies
20:43:15.209 TRACE com.Kinghao.service.HotspotService 27 addRecord - 015 clicked p9_quote_button_blackbird
20:43:21.354 TRACE com.Kinghao.service.HotspotService 27 addRecord - 015 clicked p9_quote_button_blackbird
20:43:25.616 TRACE com.Kinghao.service.HotspotService 27 addRecord - 015 clicked p9_quote_button_butterflies
20:43:33.514 TRACE com.Kinghao.service.HotspotService 27 addRecord - 015 clicked p9_quote_button_littleoak
20:43:39.898 TRACE com.Kinghao.service.HotspotService 27 addRecord - 015 clicked p9_carries
20:43:51.490 TRACE com.Kinghao.service.HotspotService 27 addRecord - 015 clicked p9_carries
20:44:00.503 TRACE com.Kinghao.service.HotspotService 27 addRecord - 015 clicked p9_still
20:44:00.984 TRACE com.Kinghao.service.HotspotService 27 addRecord - 015 clicked p9_still
20:44:07.946 TRACE com.Kinghao.service.HotspotService 27 addRecord - 015 clicked p9_think
20:44:18.999 TRACE com.Kinghao.service.HotspotService 27 addRecord - 015 clicked p9_think
20:44:21.077 TRACE com.Kinghao.service.HotspotService 27 addRecord - 015 clicked p9_think
20:44:23.916 TRACE com.Kinghao.service.HotspotService 27 addRecord - 015 clicked p9_think
20:44:33.817 TRACE com.Kinghao.service.HotspotService 27 addRecord - 015 clicked p9_dry leaf
20:44:43.383 TRACE com.Kinghao.service.HotspotService 27 addRecord - 015 clicked p9_dry leaf
20:44:46.256 TRACE com.Kinghao.service.HotspotService 27 addRecord - 015 clicked p9_nextButton
20:45:13.095 TRACE com.Kinghao.service.HotspotService 27 addRecord - 015 clicked q8
20:45:24.858 TRACE com.Kinghao.service.HotspotService 27 addRecord - 015 clicked p6_nextButton
20:46:30.036 TRACE com.Kinghao.service.HotspotService 27 addRecord - 015 clicked p10_happy
20:46:48.160 TRACE com.Kinghao.service.HotspotService 27 addRecord - 015 clicked p10_see
20:47:11.232 TRACE com.Kinghao.service.HotspotService 27 addRecord - 015 clicked p10_sad
20:47:12.103 TRACE com.Kinghao.service.HotspotService 27 addRecord - 015 clicked p10_sad
20:47:27.674 TRACE com.Kinghao.service.HotspotService 27 addRecord - 015 clicked p10_alone
20:47:35.952 TRACE com.Kinghao.service.HotspotService 27 addRecord - 015 clicked p10_decide
20:47:47.104 TRACE com.Kinghao.service.HotspotService 27 addRecord - 015 clicked p10_friend
20:47:59.839 TRACE com.Kinghao.service.HotspotService 27 addRecord - 015 clicked p10_decide
20:48:34.721 TRACE com.Kinghao.service.HotspotService 27 addRecord - 015 clicked p10_decide
20:48:35.481 TRACE com.Kinghao.service.HotspotService 27 addRecord - 015 clicked p10_decide
20:48:36.268 TRACE com.Kinghao.service.HotspotService 27 addRecord - 015 clicked p10_decide
20:48:38.711 TRACE com.Kinghao.service.HotspotService 27 addRecord - 015 clicked p10_decide
20:48:39.178 TRACE com.Kinghao.service.HotspotService 27 addRecord - 015 clicked p10_decide
20:48:39.432 TRACE com.Kinghao.service.HotspotService 27 addRecord - 015 clicked p10_decide
20:48:39.698 TRACE com.Kinghao.service.HotspotService 27 addRecord - 015 clicked p10_decide
20:48:44.342 TRACE com.Kinghao.service.HotspotService 27 addRecord - 015 clicked p10_quote_button_mama
20:48:47.239 TRACE com.Kinghao.service.HotspotService 27 addRecord - 015 clicked p10_replayButton
20:49:01.805 TRACE com.Kinghao.service.HotspotService 27 addRecord - 015 clicked p10_quote_button_mama
20:49:02.404 TRACE com.Kinghao.service.HotspotService 27 addRecord - 015 clicked p10_quote_button_mama
20:49:02.994 TRACE com.Kinghao.service.HotspotService 27 addRecord - 015 clicked p10_quote_button_mama
20:49:03.704 TRACE com.Kinghao.service.HotspotService 27 addRecord - 015 clicked p10_quote_button_mama
20:49:13.256 TRACE com.Kinghao.service.HotspotService 27 addRecord - 015 clicked p10_decide
20:49:14.119 TRACE com.Kinghao.service.HotspotService 27 addRecord - 015 clicked p10_decide
20:49:15.201 TRACE com.Kinghao.service.HotspotService 27 addRecord - 015 clicked p10_decide
20:49:15.653 TRACE com.Kinghao.service.HotspotService 27 addRecord - 015 clicked p10_decide
20:49:16.277 TRACE com.Kinghao.service.HotspotService 27 addRecord - 015 clicked p10_decide
20:49:23.790 TRACE com.Kinghao.service.HotspotService 27 addRecord - 015 clicked p10_save
20:49:25.593 TRACE com.Kinghao.service.HotspotService 27 addRecord - 015 clicked p10_save
20:49:25.774 TRACE com.Kinghao.service.HotspotService 27 addRecord - 015 clicked p10_save
20:49:34.890 TRACE com.Kinghao.service.HotspotService 27 addRecord - 015 clicked p10_friend
20:49:35.744 TRACE com.Kinghao.service.HotspotService 27 addRecord - 015 clicked p10_friend
20:49:40.919 TRACE com.Kinghao.service.HotspotService 27 addRecord - 015 clicked p10_Go ahead
20:49:49.406 TRACE com.Kinghao.service.HotspotService 27 addRecord - 015 clicked p10_Remember
20:49:50.396 TRACE com.Kinghao.service.HotspotService 27 addRecord - 015 clicked p10_Remember
20:49:50.659 TRACE com.Kinghao.service.HotspotService 27 addRecord - 015 clicked p10_Remember
20:49:57.208 TRACE com.Kinghao.service.HotspotService 27 addRecord - 015 clicked p10_use
20:49:58.446 TRACE com.Kinghao.service.HotspotService 27 addRecord - 015 clicked p10_use
20:50:08.730 TRACE com.Kinghao.service.HotspotService 27 addRecord - 015 clicked p10_use
20:50:09.883 TRACE com.Kinghao.service.HotspotService 27 addRecord - 015 clicked p10_use
20:50:10.920 TRACE com.Kinghao.service.HotspotService 27 addRecord - 015 clicked p10_oak color
20:50:11.940 TRACE com.Kinghao.service.HotspotService 27 addRecord - 015 clicked p10_oak color
20:50:25.656 TRACE com.Kinghao.service.HotspotService 27 addRecord - 015 clicked p10_oak color
20:50:26.539 TRACE com.Kinghao.service.HotspotService 27 addRecord - 015 clicked p10_oak color
20:50:38.135 TRACE com.Kinghao.service.HotspotService 27 addRecord - 015 clicked p10_camouflage
20:50:51.399 TRACE com.Kinghao.service.HotspotService 27 addRecord - 015 clicked p10_quote_button_mama
20:50:53.138 TRACE com.Kinghao.service.HotspotService 27 addRecord - 015 clicked p10_safe
20:50:54.314 TRACE com.Kinghao.service.HotspotService 27 addRecord - 015 clicked p10_quote_button_mama
20:50:56.305 TRACE com.Kinghao.service.HotspotService 27 addRecord - 015 clicked p10_safe
20:50:57.912 TRACE com.Kinghao.service.HotspotService 27 addRecord - 015 clicked p10_safe
20:50:58.964 TRACE com.Kinghao.service.HotspotService 27 addRecord - 015 clicked p10_safe
20:50:59.671 TRACE com.Kinghao.service.HotspotService 27 addRecord - 015 clicked p10_safe
20:51:00.663 TRACE com.Kinghao.service.HotspotService 27 addRecord - 015 clicked p10_safe
20:51:03.855 TRACE com.Kinghao.service.HotspotService 27 addRecord - 015 clicked p10_safe
20:51:25.832 TRACE com.Kinghao.service.HotspotService 27 addRecord - 015 clicked p10_nextButton
20:51:52.254 TRACE com.Kinghao.service.HotspotService 27 addRecord - 015 clicked p11_In order to
20:51:53.745 TRACE com.Kinghao.service.HotspotService 27 addRecord - 015 clicked p11_In order to
20:52:01.067 TRACE com.Kinghao.service.HotspotService 27 addRecord - 015 clicked p11_In order to
20:52:02.043 TRACE com.Kinghao.service.HotspotService 27 addRecord - 015 clicked p11_In order to
20:52:13.535 TRACE com.Kinghao.service.HotspotService 27 addRecord - 015 clicked p11_save
20:52:14.525 TRACE com.Kinghao.service.HotspotService 27 addRecord - 015 clicked p11_save
20:52:21.787 TRACE com.Kinghao.service.HotspotService 27 addRecord - 015 clicked p11_friend
20:53:09.646 TRACE com.Kinghao.service.HotspotService 27 addRecord - 015 clicked p11_pass
20:53:16.690 TRACE com.Kinghao.service.HotspotService 27 addRecord - 015 clicked p11_several
20:53:24.828 TRACE com.Kinghao.service.HotspotService 27 addRecord - 015 clicked p11_guard
20:53:30.878 TRACE com.Kinghao.service.HotspotService 27 addRecord - 015 clicked p11_frog
20:53:38.681 TRACE com.Kinghao.service.HotspotService 27 addRecord - 015 clicked p11_lizard
20:53:46.987 TRACE com.Kinghao.service.HotspotService 27 addRecord - 015 clicked p11_snake
20:53:48.364 TRACE com.Kinghao.service.HotspotService 27 addRecord - 015 clicked p11_snake
20:53:57.351 TRACE com.Kinghao.service.HotspotService 27 addRecord - 015 clicked p11_nextButton
20:54:02.493 TRACE com.Kinghao.service.HotspotService 27 addRecord - 015 clicked q10_nextButton
20:54:05.527 TRACE com.Kinghao.service.HotspotService 27 addRecord - 015 clicked q10_nextButton
20:54:31.054 TRACE com.Kinghao.service.HotspotService 27 addRecord - 015 clicked p12_First
20:54:40.315 TRACE com.Kinghao.service.HotspotService 27 addRecord - 015 clicked p12_pass
20:54:47.937 TRACE com.Kinghao.service.HotspotService 27 addRecord - 015 clicked p12_guard
20:54:52.601 TRACE com.Kinghao.service.HotspotService 27 addRecord - 015 clicked p12_guard
20:55:04.700 TRACE com.Kinghao.service.HotspotService 27 addRecord - 015 clicked p12_frog
20:55:11.804 TRACE com.Kinghao.service.HotspotService 27 addRecord - 015 clicked p12_turns his head
20:55:24.611 TRACE com.Kinghao.service.HotspotService 27 addRecord - 015 clicked p12_see
20:55:37.908 TRACE com.Kinghao.service.HotspotService 27 addRecord - 015 clicked p12_nothing
20:55:48.830 TRACE com.Kinghao.service.HotspotService 27 addRecord - 015 clicked p12_nothing
20:55:50.680 TRACE com.Kinghao.service.HotspotService 27 addRecord - 015 clicked p12_nothing
20:55:53.121 TRACE com.Kinghao.service.HotspotService 27 addRecord - 015 clicked p12_nextButton
20:56:21.089 TRACE com.Kinghao.service.HotspotService 27 addRecord - 015 clicked q11
20:56:32.211 TRACE com.Kinghao.service.HotspotService 27 addRecord - 015 clicked p12_nextButton
20:57:02.190 TRACE com.Kinghao.service.HotspotService 27 addRecord - 015 clicked p13_Second
20:57:11.843 TRACE com.Kinghao.service.HotspotService 27 addRecord - 015 clicked p13_Second
20:57:14.065 TRACE com.Kinghao.service.HotspotService 27 addRecord - 015 clicked p13_guard
20:57:21.033 TRACE com.Kinghao.service.HotspotService 27 addRecord - 015 clicked p13_lizard
20:57:30.691 TRACE com.Kinghao.service.HotspotService 27 addRecord - 015 clicked p13_turns his head
20:57:43.595 TRACE com.Kinghao.service.HotspotService 27 addRecord - 015 clicked p13_nothing
20:57:45.013 TRACE com.Kinghao.service.HotspotService 27 addRecord - 015 clicked p13_nothing
20:57:53.747 TRACE com.Kinghao.service.HotspotService 27 addRecord - 015 clicked p13_nextButton
20:58:02.152 TRACE com.Kinghao.service.HotspotService 27 addRecord - 015 clicked p14_Third
20:58:10.733 TRACE com.Kinghao.service.HotspotService 27 addRecord - 015 clicked p14_snake
20:58:11.992 TRACE com.Kinghao.service.HotspotService 27 addRecord - 015 clicked p14_snake
20:58:20.737 TRACE com.Kinghao.service.HotspotService 27 addRecord - 015 clicked p14_snake
20:58:21.673 TRACE com.Kinghao.service.HotspotService 27 addRecord - 015 clicked p14_snake
20:58:22.888 TRACE com.Kinghao.service.HotspotService 27 addRecord - 015 clicked p14_snake
20:58:23.596 TRACE com.Kinghao.service.HotspotService 27 addRecord - 015 clicked p14_snake
20:58:27.145 TRACE com.Kinghao.service.HotspotService 27 addRecord - 015 clicked p14_snake
20:58:27.921 TRACE com.Kinghao.service.HotspotService 27 addRecord - 015 clicked p14_snake
20:58:35.562 TRACE com.Kinghao.service.HotspotService 27 addRecord - 015 clicked p14_turns his head
20:58:46.538 TRACE com.Kinghao.service.HotspotService 27 addRecord - 015 clicked p14_turns his head
20:58:48.093 TRACE com.Kinghao.service.HotspotService 27 addRecord - 015 clicked p14_turns his head
20:58:49.171 TRACE com.Kinghao.service.HotspotService 27 addRecord - 015 clicked p14_turns his head
20:58:50.044 TRACE com.Kinghao.service.HotspotService 27 addRecord - 015 clicked p14_turns his head
20:58:50.818 TRACE com.Kinghao.service.HotspotService 27 addRecord - 015 clicked p14_turns his head
20:58:52.042 TRACE com.Kinghao.service.HotspotService 27 addRecord - 015 clicked p14_turns his head
20:58:52.349 TRACE com.Kinghao.service.HotspotService 27 addRecord - 015 clicked p14_turns his head
20:58:52.587 TRACE com.Kinghao.service.HotspotService 27 addRecord - 015 clicked p14_turns his head
20:58:56.427 TRACE com.Kinghao.service.HotspotService 27 addRecord - 015 clicked p14_turns his head
20:59:06.593 TRACE com.Kinghao.service.HotspotService 27 addRecord - 015 clicked p14_nothing
20:59:07.017 TRACE com.Kinghao.service.HotspotService 27 addRecord - 015 clicked p14_nothing
20:59:16.990 TRACE com.Kinghao.service.HotspotService 27 addRecord - 015 clicked p14_nextButton
20:59:36.510 TRACE com.Kinghao.service.HotspotService 27 addRecord - 015 clicked p15_quote_button_bird
20:59:48.972 TRACE com.Kinghao.service.HotspotService 27 addRecord - 015 clicked p15_Finally
20:59:49.559 TRACE com.Kinghao.service.HotspotService 27 addRecord - 015 clicked p15_Finally
20:59:56.544 TRACE com.Kinghao.service.HotspotService 27 addRecord - 015 clicked p15_arrive
21:00:04.124 TRACE com.Kinghao.service.HotspotService 27 addRecord - 015 clicked p15_backyard
21:00:12.867 TRACE com.Kinghao.service.HotspotService 27 addRecord - 015 clicked p15_taking a nap
21:00:31.780 TRACE com.Kinghao.service.HotspotService 27 addRecord - 015 clicked p15_nextButton
21:01:03.704 TRACE com.Kinghao.service.HotspotService 27 addRecord - 015 clicked q14
21:01:14.522 TRACE com.Kinghao.service.HotspotService 27 addRecord - 015 clicked p15_nextButton
21:01:47.104 TRACE com.Kinghao.service.HotspotService 27 addRecord - 015 clicked p16_noise
21:01:47.869 TRACE com.Kinghao.service.HotspotService 27 addRecord - 015 clicked p16_noise
21:01:56.873 TRACE com.Kinghao.service.HotspotService 27 addRecord - 015 clicked p16_fence
21:02:04.428 TRACE com.Kinghao.service.HotspotService 27 addRecord - 015 clicked p16_wakes up
21:02:17.091 TRACE com.Kinghao.service.HotspotService 27 addRecord - 015 clicked p16_go back
21:02:28.772 TRACE com.Kinghao.service.HotspotService 27 addRecord - 015 clicked p16_sleep
21:02:43.061 TRACE com.Kinghao.service.HotspotService 27 addRecord - 015 clicked p16_sleep
21:02:55.633 TRACE com.Kinghao.service.HotspotService 27 addRecord - 015 clicked p16_nextButton
21:03:13.288 TRACE com.Kinghao.service.HotspotService 27 addRecord - 015 clicked p17_quote_button_littleoak
21:03:18.560 TRACE com.Kinghao.service.HotspotService 27 addRecord - 015 clicked p17_quote_button_redbtfl
21:03:19.244 TRACE com.Kinghao.service.HotspotService 27 addRecord - 015 clicked p17_quote_button_redbtfl
21:03:25.416 TRACE com.Kinghao.service.HotspotService 27 addRecord - 015 clicked p17_quote_button_yellowbtfl
21:03:26.236 TRACE com.Kinghao.service.HotspotService 27 addRecord - 015 clicked p17_quote_button_yellowbtfl
21:03:34.443 TRACE com.Kinghao.service.HotspotService 27 addRecord - 015 clicked p17_quote_button_pinkbtfl
21:03:35.557 TRACE com.Kinghao.service.HotspotService 27 addRecord - 015 clicked p17_quote_button_pinkbtfl
21:03:40.684 TRACE com.Kinghao.service.HotspotService 27 addRecord - 015 clicked p17_quote_button_littleoak
21:03:46.099 TRACE com.Kinghao.service.HotspotService 27 addRecord - 015 clicked p17_flies
21:03:53.115 TRACE com.Kinghao.service.HotspotService 27 addRecord - 015 clicked p17_find
21:04:01.058 TRACE com.Kinghao.service.HotspotService 27 addRecord - 015 clicked p17_cage
21:04:13.947 TRACE com.Kinghao.service.HotspotService 27 addRecord - 015 clicked p17_find
21:04:16.215 TRACE com.Kinghao.service.HotspotService 27 addRecord - 015 clicked p17_cage
21:04:19.152 TRACE com.Kinghao.service.HotspotService 27 addRecord - 015 clicked p17_open
21:04:19.707 TRACE com.Kinghao.service.HotspotService 27 addRecord - 015 clicked p17_open
21:04:32.807 TRACE com.Kinghao.service.HotspotService 27 addRecord - 015 clicked p17_save
21:04:42.655 TRACE com.Kinghao.service.HotspotService 27 addRecord - 015 clicked p17_nextButton
21:04:50.913 TRACE com.Kinghao.service.HotspotService 27 addRecord - 015 clicked p17_nextButton
21:04:51.340 TRACE com.Kinghao.service.HotspotService 27 addRecord - 015 clicked p17_nextButton
21:05:00.295 TRACE com.Kinghao.service.HotspotService 27 addRecord - 015 clicked p17_nextButton
21:05:28.972 TRACE com.Kinghao.service.HotspotService 27 addRecord - 015 clicked p18_quote_button_ladybug
21:05:31.069 TRACE com.Kinghao.service.HotspotService 27 addRecord - 015 clicked p18_quote_button_ladybug
21:05:46.889 TRACE com.Kinghao.service.HotspotService 27 addRecord - 015 clicked p18_quote_button_bunny_2
21:05:54.784 TRACE com.Kinghao.service.HotspotService 27 addRecord - 015 clicked p18_quote_button_squirrel
21:06:01.289 TRACE com.Kinghao.service.HotspotService 27 addRecord - 015 clicked p18_quote_button_orangebtfl
21:06:06.174 TRACE com.Kinghao.service.HotspotService 27 addRecord - 015 clicked p18_quote_button_redbtfl
21:06:11.881 TRACE com.Kinghao.service.HotspotService 27 addRecord - 015 clicked p18_quote_button_greenbtfl
21:06:17.503 TRACE com.Kinghao.service.HotspotService 27 addRecord - 015 clicked p18_quote_button_pinkbtfl_289
21:06:22.703 TRACE com.Kinghao.service.HotspotService 27 addRecord - 015 clicked p18_quote_button_pinkbtfl
21:06:26.690 TRACE com.Kinghao.service.HotspotService 27 addRecord - 015 clicked p18_quote_button_bluebtfl
21:06:27.642 TRACE com.Kinghao.service.HotspotService 27 addRecord - 015 clicked p18_quote_button_bluebtfl
21:06:37.892 TRACE com.Kinghao.service.HotspotService 27 addRecord - 015 clicked p18_quote_button_purplebtfl
21:06:46.408 TRACE com.Kinghao.service.HotspotService 27 addRecord - 015 clicked p18_quote_button_bunny_1
21:07:01.087 TRACE com.Kinghao.service.HotspotService 27 addRecord - 015 clicked p18_quote_button_greenbtfl
21:07:04.728 TRACE com.Kinghao.service.HotspotService 27 addRecord - 015 clicked p18_begin
21:07:12.442 TRACE com.Kinghao.service.HotspotService 27 addRecord - 015 clicked p18_Later
21:07:22.537 TRACE com.Kinghao.service.HotspotService 27 addRecord - 015 clicked p18_quote_button_pinkbtfl_289
21:07:27.749 TRACE com.Kinghao.service.HotspotService 27 addRecord - 015 clicked p18_cheer
21:07:29.050 TRACE com.Kinghao.service.HotspotService 27 addRecord - 015 clicked p18_cheer
21:07:29.503 TRACE com.Kinghao.service.HotspotService 27 addRecord - 015 clicked p18_cheer
21:07:34.581 TRACE com.Kinghao.service.HotspotService 27 addRecord - 015 clicked p18_hero
21:07:35.182 TRACE com.Kinghao.service.HotspotService 27 addRecord - 015 clicked p18_cheer
21:07:35.550 TRACE com.Kinghao.service.HotspotService 27 addRecord - 015 clicked p18_hero
21:07:42.885 TRACE com.Kinghao.service.HotspotService 27 addRecord - 015 clicked p18_begin
21:07:49.657 TRACE com.Kinghao.service.HotspotService 27 addRecord - 015 clicked p18_cry
21:07:50.890 TRACE com.Kinghao.service.HotspotService 27 addRecord - 015 clicked p18_cry
21:07:51.188 TRACE com.Kinghao.service.HotspotService 27 addRecord - 015 clicked p18_cry
21:07:51.785 TRACE com.Kinghao.service.HotspotService 27 addRecord - 015 clicked p18_cry
21:08:02.317 TRACE com.Kinghao.service.HotspotService 27 addRecord - 015 clicked p18_camouflage
21:08:03.575 TRACE com.Kinghao.service.HotspotService 27 addRecord - 015 clicked p18_camouflage
21:08:17.952 TRACE com.Kinghao.service.HotspotService 27 addRecord - 015 clicked p18_tears of joy
21:08:24.499 TRACE com.Kinghao.service.HotspotService 27 addRecord - 015 clicked p18_nextButton
21:08:27.779 TRACE com.Kinghao.service.HotspotService 27 addRecord - 015 clicked p15_nextButton
21:49:54.156 TRACE com.Kinghao.controller.UserController 75 login - login was request
21:49:54.220 TRACE com.Kinghao.service.UserService 70 login - 042 login success: Login successfully
21:59:16.570 TRACE com.Kinghao.controller.ReadController 40 addRecord - open book was requested
21:59:34.089 TRACE com.Kinghao.controller.UserController 75 login - login was request
21:59:34.150 TRACE com.Kinghao.service.UserService 70 login - 042 login success: Login successfully
21:59:54.578 TRACE com.Kinghao.controller.ReadController 40 addRecord - open book was requested
22:00:37.081 TRACE com.Kinghao.service.HotspotService 27 addRecord - 042 clicked p1_quote_button_ladybug
22:00:37.791 TRACE com.Kinghao.service.HotspotService 27 addRecord - 042 clicked p1_quote_button_blackbird
22:00:46.044 TRACE com.Kinghao.service.HotspotService 27 addRecord - 042 clicked p1_quote_button_blackbird
22:00:48.488 TRACE com.Kinghao.service.HotspotService 27 addRecord - 042 clicked p1_quote_button_blackbird
22:00:58.691 TRACE com.Kinghao.service.HotspotService 27 addRecord - 042 clicked p1_replayButton
22:01:14.638 TRACE com.Kinghao.service.HotspotService 27 addRecord - 042 clicked p1_quote_button_oakleaf
22:01:25.591 TRACE com.Kinghao.service.HotspotService 27 addRecord - 042 clicked p1_quote_button_oakleaf
22:01:36.697 TRACE com.Kinghao.service.HotspotService 27 addRecord - 042 clicked p1_quote_button_oakleaf
22:02:57.719 TRACE com.Kinghao.service.HotspotService 27 addRecord - 042 clicked p2_butterfly
22:02:58.605 TRACE com.Kinghao.service.HotspotService 27 addRecord - 042 clicked p2_butterfly
22:03:16.835 TRACE com.Kinghao.service.HotspotService 27 addRecord - 042 clicked p2_beautiful
22:03:18.297 TRACE com.Kinghao.service.HotspotService 27 addRecord - 042 clicked p2_beautiful
22:03:28.879 TRACE com.Kinghao.service.HotspotService 27 addRecord - 042 clicked p2_cocoon
22:03:50.228 TRACE com.Kinghao.service.HotspotService 27 addRecord - 042 clicked p2_takes a deep stretch
22:04:02.019 TRACE com.Kinghao.service.HotspotService 27 addRecord - 042 clicked p2_replayButton
22:04:36.907 TRACE com.Kinghao.service.HotspotService 27 addRecord - 042 clicked p4_replayButton
22:04:57.963 TRACE com.Kinghao.service.HotspotService 27 addRecord - 042 clicked p4_quote_button_littleoak
22:05:20.233 TRACE com.Kinghao.service.HotspotService 27 addRecord - 042 clicked p4_quote_button_littleoak
22:05:21.376 TRACE com.Kinghao.service.HotspotService 27 addRecord - 042 clicked p4_quote_button_littleoak
22:05:22.288 TRACE com.Kinghao.service.HotspotService 27 addRecord - 042 clicked p4_quote_button_littleoak
22:05:43.997 TRACE com.Kinghao.service.HotspotService 27 addRecord - 042 clicked p4_garden
22:06:48.766 TRACE com.Kinghao.service.HotspotService 27 addRecord - 042 clicked p4_quote_button_littleoak
22:07:55.259 TRACE com.Kinghao.service.HotspotService 27 addRecord - 042 clicked p5_quote_button_ladybug_161
22:08:11.166 TRACE com.Kinghao.service.HotspotService 27 addRecord - 042 clicked p5_quote_button_flowers_2
22:08:21.612 TRACE com.Kinghao.service.HotspotService 27 addRecord - 042 clicked p5_quote_button_flowers_2
22:08:37.479 TRACE com.Kinghao.service.HotspotService 27 addRecord - 042 clicked p5_quote_button_flowers1
22:08:38.083 TRACE com.Kinghao.service.HotspotService 27 addRecord - 042 clicked p5_quote_button_flowers1
22:08:50.347 TRACE com.Kinghao.service.HotspotService 27 addRecord - 042 clicked p5_quote_button_bunnies
22:09:18.927 TRACE com.Kinghao.service.HotspotService 27 addRecord - 042 clicked p5_quote_button_bunnies
22:09:19.969 TRACE com.Kinghao.service.HotspotService 27 addRecord - 042 clicked p5_quote_button_bunnies
22:09:31.187 TRACE com.Kinghao.service.HotspotService 27 addRecord - 042 clicked p5_popular
22:10:24.310 TRACE com.Kinghao.service.HotspotService 27 addRecord - 042 clicked p5_quote_button_butterflies_5
22:10:24.859 TRACE com.Kinghao.service.HotspotService 27 addRecord - 042 clicked p5_quote_button_butterflies_5
22:10:25.277 TRACE com.Kinghao.service.HotspotService 27 addRecord - 042 clicked p5_quote_button_butterflies_5
22:10:25.776 TRACE com.Kinghao.service.HotspotService 27 addRecord - 042 clicked p5_quote_button_butterflies_5
22:10:26.110 TRACE com.Kinghao.service.HotspotService 27 addRecord - 042 clicked p5_quote_button_butterflies_5
22:10:55.084 TRACE com.Kinghao.service.HotspotService 27 addRecord - 042 clicked p6_quote_button_littleoak
22:11:02.230 TRACE com.Kinghao.service.HotspotService 27 addRecord - 042 clicked p6_quote_button_littleoak
22:11:11.027 TRACE com.Kinghao.service.HotspotService 27 addRecord - 042 clicked p6_quote_button_littleoak
22:11:19.413 TRACE com.Kinghao.service.HotspotService 27 addRecord - 042 clicked p6_quote_button_littleoak
22:11:29.449 TRACE com.Kinghao.service.HotspotService 27 addRecord - 042 clicked p6_quote_button_littleoak
22:11:38.462 TRACE com.Kinghao.service.HotspotService 27 addRecord - 042 clicked p6_quote_button_littleoak
22:11:39.356 TRACE com.Kinghao.service.HotspotService 27 addRecord - 042 clicked p6_quote_button_littleoak
22:11:47.128 TRACE com.Kinghao.service.HotspotService 27 addRecord - 042 clicked p6_quote_button_littleoak
22:11:55.086 TRACE com.Kinghao.service.HotspotService 27 addRecord - 042 clicked p6_quote_button_littleoak
22:12:02.329 TRACE com.Kinghao.service.HotspotService 27 addRecord - 042 clicked p6_replayButton
22:12:56.149 TRACE com.Kinghao.service.HotspotService 27 addRecord - 042 clicked p6_nobody
22:12:56.747 TRACE com.Kinghao.service.HotspotService 27 addRecord - 042 clicked p6_nobody
22:13:46.435 TRACE com.Kinghao.service.HotspotService 27 addRecord - 042 clicked p6_Little Oak
22:13:52.594 TRACE com.Kinghao.service.HotspotService 27 addRecord - 042 clicked p6_replayButton
22:14:41.389 TRACE com.Kinghao.service.HotspotService 27 addRecord - 042 clicked p6_nextButton
22:15:20.483 TRACE com.Kinghao.service.HotspotService 27 addRecord - 042 clicked p7_comfort
22:16:52.006 TRACE com.Kinghao.service.HotspotService 27 addRecord - 042 clicked p7_know
22:19:23.926 TRACE com.Kinghao.service.HotspotService 27 addRecord - 042 clicked p7_nextButton
22:20:11.756 TRACE com.Kinghao.service.HotspotService 27 addRecord - 042 clicked p8_visit
22:21:06.847 TRACE com.Kinghao.service.HotspotService 27 addRecord - 042 clicked p8_decoration
22:21:58.629 TRACE com.Kinghao.service.HotspotService 27 addRecord - 042 clicked p8_nextButton
22:22:59.218 TRACE com.Kinghao.service.HotspotService 27 addRecord - 042 clicked p9_still
22:23:55.739 TRACE com.Kinghao.service.HotspotService 27 addRecord - 042 clicked p9_dry leaf
22:23:56.956 TRACE com.Kinghao.service.HotspotService 27 addRecord - 042 clicked p9_dry leaf
22:23:58.058 TRACE com.Kinghao.service.HotspotService 27 addRecord - 042 clicked p9_dry leaf
22:24:29.018 TRACE com.Kinghao.service.HotspotService 27 addRecord - 042 clicked p9_nextButton
22:26:16.955 TRACE com.Kinghao.service.HotspotService 27 addRecord - 042 clicked p10_alone
22:26:18.267 TRACE com.Kinghao.service.HotspotService 27 addRecord - 042 clicked p10_alone
22:26:56.738 TRACE com.Kinghao.service.HotspotService 27 addRecord - 042 clicked p10_decide
22:27:24.191 TRACE com.Kinghao.service.HotspotService 27 addRecord - 042 clicked p10_save
22:30:04.107 TRACE com.Kinghao.service.HotspotService 27 addRecord - 042 clicked p10_nextButton
22:32:08.129 TRACE com.Kinghao.service.HotspotService 27 addRecord - 042 clicked p11_nextButton
22:33:01.673 TRACE com.Kinghao.service.HotspotService 27 addRecord - 042 clicked p12_nextButton
22:33:30.263 TRACE com.Kinghao.service.HotspotService 27 addRecord - 042 clicked p13_nextButton
22:34:57.940 TRACE com.Kinghao.service.HotspotService 27 addRecord - 042 clicked p14_nextButton
22:35:48.706 TRACE com.Kinghao.service.HotspotService 27 addRecord - 042 clicked p15_nextButton
22:35:50.213 TRACE com.Kinghao.service.HotspotService 27 addRecord - 042 clicked p15_nextButton
22:36:59.290 TRACE com.Kinghao.service.HotspotService 27 addRecord - 042 clicked p16_nextButton
22:37:53.547 TRACE com.Kinghao.service.HotspotService 27 addRecord - 042 clicked p17_nextButton
22:37:55.117 TRACE com.Kinghao.service.HotspotService 27 addRecord - 042 clicked p17_nextButton
22:39:06.878 TRACE com.Kinghao.service.HotspotService 27 addRecord - 042 clicked p18_cheer
22:40:49.362 TRACE com.Kinghao.service.HotspotService 27 addRecord - 042 clicked p18_nextButton
03:13:21.098 TRACE com.Kinghao.controller.UserController 75 login - login was request
03:13:21.157 TRACE com.Kinghao.service.UserService 70 login - admin login success: Login successfully
03:13:31.228 TRACE com.Kinghao.controller.ReadController 40 addRecord - open book was requested
03:14:20.234 TRACE com.Kinghao.controller.ReadController 40 addRecord - open book was requested
03:15:45.580 TRACE com.Kinghao.controller.ReadController 40 addRecord - open book was requested
03:16:05.225 TRACE com.Kinghao.controller.ReadController 40 addRecord - open book was requested
03:16:11.861 TRACE com.Kinghao.controller.ReadController 40 addRecord - open book was requested
03:16:21.635 TRACE com.Kinghao.controller.ReadController 40 addRecord - open book was requested
03:22:14.152 TRACE com.Kinghao.controller.ReadController 40 addRecord - open book was requested
03:22:46.208 TRACE com.Kinghao.controller.UserController 75 login - login was request
03:22:46.274 TRACE com.Kinghao.service.UserService 70 login - admin login success: Login successfully
03:22:52.502 TRACE com.Kinghao.controller.ReadController 40 addRecord - open book was requested
03:23:12.410 TRACE com.Kinghao.controller.ReadController 40 addRecord - open book was requested
